chattr: No such file or directory while trying to stat wap.php
chattr: No such file or directory while trying to stat 404.html
chattr: No such file or directory while trying to stat favicon.png
2.7.10 (default, Apr 10 2017, 15:19:19) 
[GCC 4.4.7 20120313 (Red Hat 4.4.7-17)]
10:44:01
2.7.10 (default, Apr 10 2017, 15:19:19) 
[GCC 4.4.7 20120313 (Red Hat 4.4.7-17)]
/home3/virtual_guest/www.pzjhome.com/aa.txt
11:11:01
2.7.10 (default, Apr 10 2017, 15:19:19) 
[GCC 4.4.7 20120313 (Red Hat 4.4.7-17)]
11:22:01
2.7.10 (default, Apr 10 2017, 15:19:19) 
[GCC 4.4.7 20120313 (Red Hat 4.4.7-17)]
11:33:01
2.7.10 (default, Apr 10 2017, 15:19:19) 
[GCC 4.4.7 20120313 (Red Hat 4.4.7-17)]
11:44:01
2.7.10 (default, Apr 10 2017, 15:19:19) 
[GCC 4.4.7 20120313 (Red Hat 4.4.7-17)]
11:55:01
2.7.10 (default, Apr 10 2017, 15:19:19) 
[GCC 4.4.7 20120313 (Red Hat 4.4.7-17)]
12:00:01
2.7.10 (default, Apr 10 2017, 15:19:19) 
[GCC 4.4.7 20120313 (Red Hat 4.4.7-17)]
12:11:01
2.7.10 (default, Apr 10 2017, 15:19:19) 
[GCC 4.4.7 20120313 (Red Hat 4.4.7-17)]
12:22:01
2.7.10 (default, Apr 10 2017, 15:19:19) 
[GCC 4.4.7 20120313 (Red Hat 4.4.7-17)]
12:33:01
2.7.10 (default, Apr 10 2017, 15:19:19) 
[GCC 4.4.7 20120313 (Red Hat 4.4.7-17)]
12:44:01
2.7.10 (default, Apr 10 2017, 15:19:19) 
[GCC 4.4.7 20120313 (Red Hat 4.4.7-17)]
12:55:01
2.7.10 (default, Apr 10 2017, 15:19:19) 
[GCC 4.4.7 20120313 (Red Hat 4.4.7-17)]
13:00:01
2.7.10 (default, Apr 10 2017, 15:19:19) 
[GCC 4.4.7 20120313 (Red Hat 4.4.7-17)]
13:11:01
2.7.10 (default, Apr 10 2017, 15:19:19) 
[GCC 4.4.7 20120313 (Red Hat 4.4.7-17)]
13:22:01
2.7.10 (default, Apr 10 2017, 15:19:19) 
[GCC 4.4.7 20120313 (Red Hat 4.4.7-17)]
13:33:01
2.7.10 (default, Apr 10 2017, 15:19:19) 
[GCC 4.4.7 20120313 (Red Hat 4.4.7-17)]
13:44:01
2.7.10 (default, Apr 10 2017, 15:19:19) 
[GCC 4.4.7 20120313 (Red Hat 4.4.7-17)]
13:55:01
2.7.10 (default, Apr 10 2017, 15:19:19) 
[GCC 4.4.7 20120313 (Red Hat 4.4.7-17)]
14:00:01
2.7.10 (default, Apr 10 2017, 15:19:19) 
[GCC 4.4.7 20120313 (Red Hat 4.4.7-17)]
14:11:02
2.7.10 (default, Apr 10 2017, 15:19:19) 
[GCC 4.4.7 20120313 (Red Hat 4.4.7-17)]
14:22:01
2.7.10 (default, Apr 10 2017, 15:19:19) 
[GCC 4.4.7 20120313 (Red Hat 4.4.7-17)]
14:33:01
2.7.10 (default, Apr 10 2017, 15:19:19) 
[GCC 4.4.7 20120313 (Red Hat 4.4.7-17)]
14:44:01
2.7.10 (default, Apr 10 2017, 15:19:19) 
[GCC 4.4.7 20120313 (Red Hat 4.4.7-17)]
14:55:01
2.7.10 (default, Apr 10 2017, 15:19:19) 
[GCC 4.4.7 20120313 (Red Hat 4.4.7-17)]
15:00:01
2.7.10 (default, Apr 10 2017, 15:19:19) 
[GCC 4.4.7 20120313 (Red Hat 4.4.7-17)]
15:11:01
2.7.10 (default, Apr 10 2017, 15:19:19) 
[GCC 4.4.7 20120313 (Red Hat 4.4.7-17)]
15:22:02
2.7.10 (default, Apr 10 2017, 15:19:19) 
[GCC 4.4.7 20120313 (Red Hat 4.4.7-17)]
15:33:01
2.7.10 (default, Apr 10 2017, 15:19:19) 
[GCC 4.4.7 20120313 (Red Hat 4.4.7-17)]
15:44:01
2.7.10 (default, Apr 10 2017, 15:19:19) 
[GCC 4.4.7 20120313 (Red Hat 4.4.7-17)]
15:55:01
2.7.10 (default, Apr 10 2017, 15:19:19) 
[GCC 4.4.7 20120313 (Red Hat 4.4.7-17)]
16:00:01
2.7.10 (default, Apr 10 2017, 15:19:19) 
[GCC 4.4.7 20120313 (Red Hat 4.4.7-17)]
16:11:01
2.7.10 (default, Apr 10 2017, 15:19:19) 
[GCC 4.4.7 20120313 (Red Hat 4.4.7-17)]
16:22:01
2.7.10 (default, Apr 10 2017, 15:19:19) 
[GCC 4.4.7 20120313 (Red Hat 4.4.7-17)]
16:33:01
2.7.10 (default, Apr 10 2017, 15:19:19) 
[GCC 4.4.7 20120313 (Red Hat 4.4.7-17)]
16:44:01
2.7.10 (default, Apr 10 2017, 15:19:19) 
[GCC 4.4.7 20120313 (Red Hat 4.4.7-17)]
16:55:01
2.7.10 (default, Apr 10 2017, 15:19:19) 
[GCC 4.4.7 20120313 (Red Hat 4.4.7-17)]
17:00:01
2.7.10 (default, Apr 10 2017, 15:19:19) 
[GCC 4.4.7 20120313 (Red Hat 4.4.7-17)]
17:11:01
2.7.10 (default, Apr 10 2017, 15:19:19) 
[GCC 4.4.7 20120313 (Red Hat 4.4.7-17)]
17:22:01
2.7.10 (default, Apr 10 2017, 15:19:19) 
[GCC 4.4.7 20120313 (Red Hat 4.4.7-17)]
17:33:01
2.7.10 (default, Apr 10 2017, 15:19:19) 
[GCC 4.4.7 20120313 (Red Hat 4.4.7-17)]
17:44:01
2.7.10 (default, Apr 10 2017, 15:19:19) 
[GCC 4.4.7 20120313 (Red Hat 4.4.7-17)]
17:55:01
2.7.10 (default, Apr 10 2017, 15:19:19) 
[GCC 4.4.7 20120313 (Red Hat 4.4.7-17)]
18:00:01
2.7.10 (default, Apr 10 2017, 15:19:19) 
[GCC 4.4.7 20120313 (Red Hat 4.4.7-17)]
18:11:01
2.7.10 (default, Apr 10 2017, 15:19:19) 
[GCC 4.4.7 20120313 (Red Hat 4.4.7-17)]
18:22:01
2.7.10 (default, Apr 10 2017, 15:19:19) 
[GCC 4.4.7 20120313 (Red Hat 4.4.7-17)]
18:33:01
2.7.10 (default, Apr 10 2017, 15:19:19) 
[GCC 4.4.7 20120313 (Red Hat 4.4.7-17)]
18:44:02
2.7.10 (default, Apr 10 2017, 15:19:19) 
[GCC 4.4.7 20120313 (Red Hat 4.4.7-17)]
18:55:01
2.7.10 (default, Apr 10 2017, 15:19:19) 
[GCC 4.4.7 20120313 (Red Hat 4.4.7-17)]
19:00:01
2.7.10 (default, Apr 10 2017, 15:19:19) 
[GCC 4.4.7 20120313 (Red Hat 4.4.7-17)]
19:11:01
2.7.10 (default, Apr 10 2017, 15:19:19) 
[GCC 4.4.7 20120313 (Red Hat 4.4.7-17)]
19:22:02
2.7.10 (default, Apr 10 2017, 15:19:19) 
[GCC 4.4.7 20120313 (Red Hat 4.4.7-17)]
19:33:01
2.7.10 (default, Apr 10 2017, 15:19:19) 
[GCC 4.4.7 20120313 (Red Hat 4.4.7-17)]
19:44:01
2.7.10 (default, Apr 10 2017, 15:19:19) 
[GCC 4.4.7 20120313 (Red Hat 4.4.7-17)]
19:55:01
2.7.10 (default, Apr 10 2017, 15:19:19) 
[GCC 4.4.7 20120313 (Red Hat 4.4.7-17)]
20:00:01
2.7.10 (default, Apr 10 2017, 15:19:19) 
[GCC 4.4.7 20120313 (Red Hat 4.4.7-17)]
20:11:01
2.7.10 (default, Apr 10 2017, 15:19:19) 
[GCC 4.4.7 20120313 (Red Hat 4.4.7-17)]
20:22:01
2.7.10 (default, Apr 10 2017, 15:19:19) 
[GCC 4.4.7 20120313 (Red Hat 4.4.7-17)]
20:33:01
2.7.10 (default, Apr 10 2017, 15:19:19) 
[GCC 4.4.7 20120313 (Red Hat 4.4.7-17)]
20:44:01
2.7.10 (default, Apr 10 2017, 15:19:19) 
[GCC 4.4.7 20120313 (Red Hat 4.4.7-17)]
20:55:01
2.7.10 (default, Apr 10 2017, 15:19:19) 
[GCC 4.4.7 20120313 (Red Hat 4.4.7-17)]
21:00:01
2.7.10 (default, Apr 10 2017, 15:19:19) 
[GCC 4.4.7 20120313 (Red Hat 4.4.7-17)]
21:11:01
2.7.10 (default, Apr 10 2017, 15:19:19) 
[GCC 4.4.7 20120313 (Red Hat 4.4.7-17)]
21:22:01
2.7.10 (default, Apr 10 2017, 15:19:19) 
[GCC 4.4.7 20120313 (Red Hat 4.4.7-17)]
21:33:01
2.7.10 (default, Apr 10 2017, 15:19:19) 
[GCC 4.4.7 20120313 (Red Hat 4.4.7-17)]
21:44:01
2.7.10 (default, Apr 10 2017, 15:19:19) 
[GCC 4.4.7 20120313 (Red Hat 4.4.7-17)]
21:55:01
2.7.10 (default, Apr 10 2017, 15:19:19) 
[GCC 4.4.7 20120313 (Red Hat 4.4.7-17)]
22:00:01
2.7.10 (default, Apr 10 2017, 15:19:19) 
[GCC 4.4.7 20120313 (Red Hat 4.4.7-17)]
22:11:01
2.7.10 (default, Apr 10 2017, 15:19:19) 
[GCC 4.4.7 20120313 (Red Hat 4.4.7-17)]
22:22:01
2.7.10 (default, Apr 10 2017, 15:19:19) 
[GCC 4.4.7 20120313 (Red Hat 4.4.7-17)]
22:33:01
2.7.10 (default, Apr 10 2017, 15:19:19) 
[GCC 4.4.7 20120313 (Red Hat 4.4.7-17)]
22:44:01
2.7.10 (default, Apr 10 2017, 15:19:19) 
[GCC 4.4.7 20120313 (Red Hat 4.4.7-17)]
22:55:01
2.7.10 (default, Apr 10 2017, 15:19:19) 
[GCC 4.4.7 20120313 (Red Hat 4.4.7-17)]
23:00:01
2.7.10 (default, Apr 10 2017, 15:19:19) 
[GCC 4.4.7 20120313 (Red Hat 4.4.7-17)]
23:11:01
2.7.10 (default, Apr 10 2017, 15:19:19) 
[GCC 4.4.7 20120313 (Red Hat 4.4.7-17)]
23:22:01
2.7.10 (default, Apr 10 2017, 15:19:19) 
[GCC 4.4.7 20120313 (Red Hat 4.4.7-17)]
23:33:01
2.7.10 (default, Apr 10 2017, 15:19:19) 
[GCC 4.4.7 20120313 (Red Hat 4.4.7-17)]
23:44:02
2.7.10 (default, Apr 10 2017, 15:19:19) 
[GCC 4.4.7 20120313 (Red Hat 4.4.7-17)]
23:55:01
2.7.10 (default, Apr 10 2017, 15:19:19) 
[GCC 4.4.7 20120313 (Red Hat 4.4.7-17)]
00:00:01
2.7.10 (default, Apr 10 2017, 15:19:19) 
[GCC 4.4.7 20120313 (Red Hat 4.4.7-17)]
00:11:01
2.7.10 (default, Apr 10 2017, 15:19:19) 
[GCC 4.4.7 20120313 (Red Hat 4.4.7-17)]
00:22:02
2.7.10 (default, Apr 10 2017, 15:19:19) 
[GCC 4.4.7 20120313 (Red Hat 4.4.7-17)]
00:33:01
2.7.10 (default, Apr 10 2017, 15:19:19) 
[GCC 4.4.7 20120313 (Red Hat 4.4.7-17)]
00:44:01
2.7.10 (default, Apr 10 2017, 15:19:19) 
[GCC 4.4.7 20120313 (Red Hat 4.4.7-17)]
00:55:01
2.7.10 (default, Apr 10 2017, 15:19:19) 
[GCC 4.4.7 20120313 (Red Hat 4.4.7-17)]
01:00:01
2.7.10 (default, Apr 10 2017, 15:19:19) 
[GCC 4.4.7 20120313 (Red Hat 4.4.7-17)]
01:11:01
2.7.10 (default, Apr 10 2017, 15:19:19) 
[GCC 4.4.7 20120313 (Red Hat 4.4.7-17)]
01:22:01
2.7.10 (default, Apr 10 2017, 15:19:19) 
[GCC 4.4.7 20120313 (Red Hat 4.4.7-17)]
01:33:02
2.7.10 (default, Apr 10 2017, 15:19:19) 
[GCC 4.4.7 20120313 (Red Hat 4.4.7-17)]
01:44:01
2.7.10 (default, Apr 10 2017, 15:19:19) 
[GCC 4.4.7 20120313 (Red Hat 4.4.7-17)]
01:55:01
2.7.10 (default, Apr 10 2017, 15:19:19) 
[GCC 4.4.7 20120313 (Red Hat 4.4.7-17)]
02:00:01
2.7.10 (default, Apr 10 2017, 15:19:19) 
[GCC 4.4.7 20120313 (Red Hat 4.4.7-17)]
02:11:01
2.7.10 (default, Apr 10 2017, 15:19:19) 
[GCC 4.4.7 20120313 (Red Hat 4.4.7-17)]
02:22:01
2.7.10 (default, Apr 10 2017, 15:19:19) 
[GCC 4.4.7 20120313 (Red Hat 4.4.7-17)]
02:33:01
2.7.10 (default, Apr 10 2017, 15:19:19) 
[GCC 4.4.7 20120313 (Red Hat 4.4.7-17)]
02:44:01
2.7.10 (default, Apr 10 2017, 15:19:19) 
[GCC 4.4.7 20120313 (Red Hat 4.4.7-17)]
02:55:01
2.7.10 (default, Apr 10 2017, 15:19:19) 
[GCC 4.4.7 20120313 (Red Hat 4.4.7-17)]
03:00:01
2.7.10 (default, Apr 10 2017, 15:19:19) 
[GCC 4.4.7 20120313 (Red Hat 4.4.7-17)]
03:11:01
2.7.10 (default, Apr 10 2017, 15:19:19) 
[GCC 4.4.7 20120313 (Red Hat 4.4.7-17)]
03:22:01
2.7.10 (default, Apr 10 2017, 15:19:19) 
[GCC 4.4.7 20120313 (Red Hat 4.4.7-17)]
03:33:01
2.7.10 (default, Apr 10 2017, 15:19:19) 
[GCC 4.4.7 20120313 (Red Hat 4.4.7-17)]
03:44:01
2.7.10 (default, Apr 10 2017, 15:19:19) 
[GCC 4.4.7 20120313 (Red Hat 4.4.7-17)]
03:55:01
2.7.10 (default, Apr 10 2017, 15:19:19) 
[GCC 4.4.7 20120313 (Red Hat 4.4.7-17)]
04:00:02
2.7.10 (default, Apr 10 2017, 15:19:19) 
[GCC 4.4.7 20120313 (Red Hat 4.4.7-17)]
04:11:01
2.7.10 (default, Apr 10 2017, 15:19:19) 
[GCC 4.4.7 20120313 (Red Hat 4.4.7-17)]
04:22:01
2.7.10 (default, Apr 10 2017, 15:19:19) 
[GCC 4.4.7 20120313 (Red Hat 4.4.7-17)]
04:33:01
2.7.10 (default, Apr 10 2017, 15:19:19) 
[GCC 4.4.7 20120313 (Red Hat 4.4.7-17)]
04:44:01
2.7.10 (default, Apr 10 2017, 15:19:19) 
[GCC 4.4.7 20120313 (Red Hat 4.4.7-17)]
04:55:01
2.7.10 (default, Apr 10 2017, 15:19:19) 
[GCC 4.4.7 20120313 (Red Hat 4.4.7-17)]
05:00:01
2.7.10 (default, Apr 10 2017, 15:19:19) 
[GCC 4.4.7 20120313 (Red Hat 4.4.7-17)]
05:11:01
2.7.10 (default, Apr 10 2017, 15:19:19) 
[GCC 4.4.7 20120313 (Red Hat 4.4.7-17)]
05:22:01
2.7.10 (default, Apr 10 2017, 15:19:19) 
[GCC 4.4.7 20120313 (Red Hat 4.4.7-17)]
05:33:01
2.7.10 (default, Apr 10 2017, 15:19:19) 
[GCC 4.4.7 20120313 (Red Hat 4.4.7-17)]
05:44:01
2.7.10 (default, Apr 10 2017, 15:19:19) 
[GCC 4.4.7 20120313 (Red Hat 4.4.7-17)]
05:55:01
2.7.10 (default, Apr 10 2017, 15:19:19) 
[GCC 4.4.7 20120313 (Red Hat 4.4.7-17)]
06:00:01
2.7.10 (default, Apr 10 2017, 15:19:19) 
[GCC 4.4.7 20120313 (Red Hat 4.4.7-17)]
06:11:01
2.7.10 (default, Apr 10 2017, 15:19:19) 
[GCC 4.4.7 20120313 (Red Hat 4.4.7-17)]
06:22:01
2.7.10 (default, Apr 10 2017, 15:19:19) 
[GCC 4.4.7 20120313 (Red Hat 4.4.7-17)]
06:33:01
2.7.10 (default, Apr 10 2017, 15:19:19) 
[GCC 4.4.7 20120313 (Red Hat 4.4.7-17)]
06:44:01
2.7.10 (default, Apr 10 2017, 15:19:19) 
[GCC 4.4.7 20120313 (Red Hat 4.4.7-17)]
06:55:01
2.7.10 (default, Apr 10 2017, 15:19:19) 
[GCC 4.4.7 20120313 (Red Hat 4.4.7-17)]
07:00:01
2.7.10 (default, Apr 10 2017, 15:19:19) 
[GCC 4.4.7 20120313 (Red Hat 4.4.7-17)]
07:11:01
2.7.10 (default, Apr 10 2017, 15:19:19) 
[GCC 4.4.7 20120313 (Red Hat 4.4.7-17)]
07:22:01
2.7.10 (default, Apr 10 2017, 15:19:19) 
[GCC 4.4.7 20120313 (Red Hat 4.4.7-17)]
07:33:01
2.7.10 (default, Apr 10 2017, 15:19:19) 
[GCC 4.4.7 20120313 (Red Hat 4.4.7-17)]
07:44:01
2.7.10 (default, Apr 10 2017, 15:19:19) 
[GCC 4.4.7 20120313 (Red Hat 4.4.7-17)]
07:55:01
2.7.10 (default, Apr 10 2017, 15:19:19) 
[GCC 4.4.7 20120313 (Red Hat 4.4.7-17)]
08:00:01
2.7.10 (default, Apr 10 2017, 15:19:19) 
[GCC 4.4.7 20120313 (Red Hat 4.4.7-17)]
08:11:01
2.7.10 (default, Apr 10 2017, 15:19:19) 
[GCC 4.4.7 20120313 (Red Hat 4.4.7-17)]
08:22:01
2.7.10 (default, Apr 10 2017, 15:19:19) 
[GCC 4.4.7 20120313 (Red Hat 4.4.7-17)]
08:33:01
2.7.10 (default, Apr 10 2017, 15:19:19) 
[GCC 4.4.7 20120313 (Red Hat 4.4.7-17)]
08:44:01
2.7.10 (default, Apr 10 2017, 15:19:19) 
[GCC 4.4.7 20120313 (Red Hat 4.4.7-17)]
08:55:01
2.7.10 (default, Apr 10 2017, 15:19:19) 
[GCC 4.4.7 20120313 (Red Hat 4.4.7-17)]
09:00:01
2.7.10 (default, Apr 10 2017, 15:19:19) 
[GCC 4.4.7 20120313 (Red Hat 4.4.7-17)]
09:11:01
2.7.10 (default, Apr 10 2017, 15:19:19) 
[GCC 4.4.7 20120313 (Red Hat 4.4.7-17)]
09:22:01
2.7.10 (default, Apr 10 2017, 15:19:19) 
[GCC 4.4.7 20120313 (Red Hat 4.4.7-17)]
09:33:01
2.7.10 (default, Apr 10 2017, 15:19:19) 
[GCC 4.4.7 20120313 (Red Hat 4.4.7-17)]
09:44:01
2.7.10 (default, Apr 10 2017, 15:19:19) 
[GCC 4.4.7 20120313 (Red Hat 4.4.7-17)]
09:55:01
2.7.10 (default, Apr 10 2017, 15:19:19) 
[GCC 4.4.7 20120313 (Red Hat 4.4.7-17)]
10:00:01
2.7.10 (default, Apr 10 2017, 15:19:19) 
[GCC 4.4.7 20120313 (Red Hat 4.4.7-17)]
10:11:01
2.7.10 (default, Apr 10 2017, 15:19:19) 
[GCC 4.4.7 20120313 (Red Hat 4.4.7-17)]
10:22:01
2.7.10 (default, Apr 10 2017, 15:19:19) 
[GCC 4.4.7 20120313 (Red Hat 4.4.7-17)]
10:33:01
2.7.10 (default, Apr 10 2017, 15:19:19) 
[GCC 4.4.7 20120313 (Red Hat 4.4.7-17)]
10:44:01
2.7.10 (default, Apr 10 2017, 15:19:19) 
[GCC 4.4.7 20120313 (Red Hat 4.4.7-17)]
10:55:01
2.7.10 (default, Apr 10 2017, 15:19:19) 
[GCC 4.4.7 20120313 (Red Hat 4.4.7-17)]
11:00:01
2.7.10 (default, Apr 10 2017, 15:19:19) 
[GCC 4.4.7 20120313 (Red Hat 4.4.7-17)]
11:11:01
2.7.10 (default, Apr 10 2017, 15:19:19) 
[GCC 4.4.7 20120313 (Red Hat 4.4.7-17)]
11:22:01
2.7.10 (default, Apr 10 2017, 15:19:19) 
[GCC 4.4.7 20120313 (Red Hat 4.4.7-17)]
11:33:01
2.7.10 (default, Apr 10 2017, 15:19:19) 
[GCC 4.4.7 20120313 (Red Hat 4.4.7-17)]
11:44:01
2.7.10 (default, Apr 10 2017, 15:19:19) 
[GCC 4.4.7 20120313 (Red Hat 4.4.7-17)]
11:55:01
2.7.10 (default, Apr 10 2017, 15:19:19) 
[GCC 4.4.7 20120313 (Red Hat 4.4.7-17)]
12:00:01
2.7.10 (default, Apr 10 2017, 15:19:19) 
[GCC 4.4.7 20120313 (Red Hat 4.4.7-17)]
12:11:01
2.7.10 (default, Apr 10 2017, 15:19:19) 
[GCC 4.4.7 20120313 (Red Hat 4.4.7-17)]
12:22:01
2.7.10 (default, Apr 10 2017, 15:19:19) 
[GCC 4.4.7 20120313 (Red Hat 4.4.7-17)]
12:33:01
2.7.10 (default, Apr 10 2017, 15:19:19) 
[GCC 4.4.7 20120313 (Red Hat 4.4.7-17)]
12:44:01
2.7.10 (default, Apr 10 2017, 15:19:19) 
[GCC 4.4.7 20120313 (Red Hat 4.4.7-17)]
12:55:01
2.7.10 (default, Apr 10 2017, 15:19:19) 
[GCC 4.4.7 20120313 (Red Hat 4.4.7-17)]
13:00:01
2.7.10 (default, Apr 10 2017, 15:19:19) 
[GCC 4.4.7 20120313 (Red Hat 4.4.7-17)]
13:11:01
2.7.10 (default, Apr 10 2017, 15:19:19) 
[GCC 4.4.7 20120313 (Red Hat 4.4.7-17)]
13:22:01
2.7.10 (default, Apr 10 2017, 15:19:19) 
[GCC 4.4.7 20120313 (Red Hat 4.4.7-17)]
13:33:01
2.7.10 (default, Apr 10 2017, 15:19:19) 
[GCC 4.4.7 20120313 (Red Hat 4.4.7-17)]
13:44:01
2.7.10 (default, Apr 10 2017, 15:19:19) 
[GCC 4.4.7 20120313 (Red Hat 4.4.7-17)]
13:55:01
2.7.10 (default, Apr 10 2017, 15:19:19) 
[GCC 4.4.7 20120313 (Red Hat 4.4.7-17)]
14:00:02
2.7.10 (default, Apr 10 2017, 15:19:19) 
[GCC 4.4.7 20120313 (Red Hat 4.4.7-17)]
14:11:01
2.7.10 (default, Apr 10 2017, 15:19:19) 
[GCC 4.4.7 20120313 (Red Hat 4.4.7-17)]
14:22:01
2.7.10 (default, Apr 10 2017, 15:19:19) 
[GCC 4.4.7 20120313 (Red Hat 4.4.7-17)]
/home3/virtual_guest/www.pzjhome.com/xss.php
14:33:01
2.7.10 (default, Apr 10 2017, 15:19:19) 
[GCC 4.4.7 20120313 (Red Hat 4.4.7-17)]
14:44:01
2.7.10 (default, Apr 10 2017, 15:19:19) 
[GCC 4.4.7 20120313 (Red Hat 4.4.7-17)]
14:55:01
2.7.10 (default, Apr 10 2017, 15:19:19) 
[GCC 4.4.7 20120313 (Red Hat 4.4.7-17)]
15:00:01
2.7.10 (default, Apr 10 2017, 15:19:19) 
[GCC 4.4.7 20120313 (Red Hat 4.4.7-17)]
15:11:01
chattr: No such file or directory while trying to stat install
2.7.10 (default, Apr 10 2017, 15:19:19) 
[GCC 4.4.7 20120313 (Red Hat 4.4.7-17)]
15:22:01
chattr: No such file or directory while trying to stat install
2.7.10 (default, Apr 10 2017, 15:19:19) 
[GCC 4.4.7 20120313 (Red Hat 4.4.7-17)]
15:33:01
chattr: No such file or directory while trying to stat install
2.7.10 (default, Apr 10 2017, 15:19:19) 
[GCC 4.4.7 20120313 (Red Hat 4.4.7-17)]
15:44:01
chattr: No such file or directory while trying to stat install
2.7.10 (default, Apr 10 2017, 15:19:19) 
[GCC 4.4.7 20120313 (Red Hat 4.4.7-17)]
15:55:01
chattr: No such file or directory while trying to stat install
2.7.10 (default, Apr 10 2017, 15:19:19) 
[GCC 4.4.7 20120313 (Red Hat 4.4.7-17)]
16:00:01
